<?xml version="1.0" encoding="UTF-8"?>
<!-- Generated by org.testng.reporters.JUnitXMLReporter -->
<testsuite ignored="0" hostname="users-MacBook-Pro.local" failures="1" tests="1" name="CommonFunctions User" time="7.807" errors="0" timestamp="2022-03-16T18:29:45 PDT">
  <testcase classname="hrmprojects.PendingLeaveRequest" name="verify_Pending_Leaverequestest" time="7.761">
    <failure type="java.io.FileNotFoundException" message="/Users/user/Documents/New Folder With Items/screen.png (Is a directory)">
      <![CDATA[java.io.FileNotFoundException: /Users/user/Documents/New Folder With Items/screen.png (Is a directory)
at java.base/java.io.FileOutputStream.open0(Native Method)
at java.base/java.io.FileOutputStream.open(FileOutputStream.java:293)
at java.base/java.io.FileOutputStream.<init>(FileOutputStream.java:235)
at java.base/java.io.FileOutputStream.<init>(FileOutputStream.java:184)
at org.openqa.selenium.io.FileHandler.copyFile(FileHandler.java:136)
at org.openqa.selenium.io.FileHandler.copy(FileHandler.java:115)
at hrmprojects.PendingLeaveRequest.verify_Pending_Leaverequestest(PendingLeaveRequest.java:50)
at java.base/java.util.ArrayList.forEach(ArrayList.java:1511)
... Removed 27 stack frames]]>
    </failure>
  </testcase> <!-- verify_Pending_Leaverequestest -->
</testsuite> <!-- CommonFunctions User -->
