<?xml version="1.0" encoding="UTF-8"?>
<testng-results ignored="0" total="1" passed="1" failed="0" skipped="0">
  <reporter-output>
  </reporter-output>
  <suite started-at="2022-03-16T18:31:56 PDT" name=" HRM Test Suite" finished-at="2022-03-16T18:32:05 PDT" duration-ms="9365">
    <groups>
    </groups>
    <test started-at="2022-03-16T18:31:56 PDT" name="CommonFunctions" finished-at="2022-03-16T18:32:05 PDT" duration-ms="9365">
      <class name="hrmprojects.UserRoleTestCase">
        <test-method is-config="true" signature="launchBrowser()[pri:0, instance:hrmprojects.UserRoleTestCase@34bde49d]" started-at="2022-03-16T18:31:46 PDT" name="launchBrowser" finished-at="2022-03-16T18:31:56 PDT" duration-ms="9980" status="PASS">
          <reporter-output>
          </reporter-output>
        </test-method> <!-- launchBrowser -->
        <test-method signature="verifyValues()[pri:0, instance:hrmprojects.UserRoleTestCase@34bde49d]" started-at="2022-03-16T18:31:56 PDT" name="verifyValues" finished-at="2022-03-16T18:32:05 PDT" duration-ms="9305" status="PASS">
          <reporter-output>
          </reporter-output>
        </test-method> <!-- verifyValues -->
        <test-method is-config="true" signature="tearDown()[pri:0, instance:hrmprojects.UserRoleTestCase@34bde49d]" started-at="2022-03-16T18:32:10 PDT" name="tearDown" finished-at="2022-03-16T18:32:11 PDT" duration-ms="772" status="PASS">
          <reporter-output>
          </reporter-output>
        </test-method> <!-- tearDown -->
      </class> <!-- hrmprojects.UserRoleTestCase -->
    </test> <!-- CommonFunctions -->
  </suite> <!--  HRM Test Suite -->
</testng-results>
